[2024-04-07 19:55:17,844] [INFO] [real_accelerator.py:191:get_accelerator] Setting ds_accelerator to cuda (auto detect)
Estimated memory needed for params, optim states and gradients for a:
HW: Setup with 1 node, 1 GPU per node.
SW: Model with 6607M total params.
  per CPU  |  per GPU |   Options
  147.69GB |  12.31GB | offload_optimizer=cpu 
   36.92GB | 123.07GB | offload_optimizer=none
Estimated memory needed for params, optim states and gradients for a:
HW: Setup with 1 node, 2 GPUs per node.
SW: Model with 6607M total params.
  per CPU  |  per GPU |   Options
  147.69GB |  12.31GB | offload_optimizer=cpu 
   73.84GB |  73.84GB | offload_optimizer=none
Estimated memory needed for params, optim states and gradients for a:
HW: Setup with 1 node, 4 GPUs per node.
SW: Model with 6607M total params.
  per CPU  |  per GPU |   Options
  147.69GB |  12.31GB | offload_optimizer=cpu 
  147.69GB |  49.23GB | offload_optimizer=none
Estimated memory needed for params, optim states and gradients for a:
HW: Setup with 1 node, 8 GPUs per node.
SW: Model with 6607M total params.
  per CPU  |  per GPU |   Options
  295.37GB |  12.31GB | offload_optimizer=cpu 
  295.37GB |  36.92GB | offload_optimizer=none
Estimated memory needed for params, optim states and gradients for a:
HW: Setup with 2 nodes, 8 GPUs per node.
SW: Model with 6607M total params.
  per CPU  |  per GPU |   Options
  590.74GB |  12.31GB | offload_optimizer=cpu 
  295.37GB |  30.77GB | offload_optimizer=none
Estimated memory needed for params, optim states and gradients for a:
HW: Setup with 1 node, 1 GPU per node.
SW: Model with 6607M total params, 131M largest layer params.
  per CPU  |  per GPU |   Options
  166.15GB |   0.49GB | offload_param=cpu , offload_optimizer=cpu , zero_init=1
  166.15GB |   0.49GB | offload_param=cpu , offload_optimizer=cpu , zero_init=0
  147.69GB |  12.80GB | offload_param=none, offload_optimizer=cpu , zero_init=1
  147.69GB |  12.80GB | offload_param=none, offload_optimizer=cpu , zero_init=0
    0.73GB | 111.25GB | offload_param=none, offload_optimizer=none, zero_init=1
   36.92GB | 111.25GB | offload_param=none, offload_optimizer=none, zero_init=0
Estimated memory needed for params, optim states and gradients for a:
HW: Setup with 1 node, 2 GPUs per node.
SW: Model with 6607M total params, 131M largest layer params.
  per CPU  |  per GPU |   Options
  166.15GB |   0.49GB | offload_param=cpu , offload_optimizer=cpu , zero_init=1
  166.15GB |   0.49GB | offload_param=cpu , offload_optimizer=cpu , zero_init=0
  147.69GB |   6.64GB | offload_param=none, offload_optimizer=cpu , zero_init=1
  147.69GB |   6.64GB | offload_param=none, offload_optimizer=cpu , zero_init=0
    1.46GB |  55.87GB | offload_param=none, offload_optimizer=none, zero_init=1
   73.84GB |  55.87GB | offload_param=none, offload_optimizer=none, zero_init=0
Estimated memory needed for params, optim states and gradients for a:
HW: Setup with 1 node, 4 GPUs per node.
SW: Model with 6607M total params, 131M largest layer params.
  per CPU  |  per GPU |   Options
  166.15GB |   0.49GB | offload_param=cpu , offload_optimizer=cpu , zero_init=1
  166.15GB |   0.49GB | offload_param=cpu , offload_optimizer=cpu , zero_init=0
  147.69GB |   3.57GB | offload_param=none, offload_optimizer=cpu , zero_init=1
  147.69GB |   3.57GB | offload_param=none, offload_optimizer=cpu , zero_init=0
    2.93GB |  28.18GB | offload_param=none, offload_optimizer=none, zero_init=1
  147.69GB |  28.18GB | offload_param=none, offload_optimizer=none, zero_init=0
Estimated memory needed for params, optim states and gradients for a:
HW: Setup with 1 node, 8 GPUs per node.
SW: Model with 6607M total params, 131M largest layer params.
  per CPU  |  per GPU |   Options
  166.15GB |   0.49GB | offload_param=cpu , offload_optimizer=cpu , zero_init=1
  295.37GB |   0.49GB | offload_param=cpu , offload_optimizer=cpu , zero_init=0
  147.69GB |   2.03GB | offload_param=none, offload_optimizer=cpu , zero_init=1
  295.37GB |   2.03GB | offload_param=none, offload_optimizer=cpu , zero_init=0
    5.86GB |  14.33GB | offload_param=none, offload_optimizer=none, zero_init=1
  295.37GB |  14.33GB | offload_param=none, offload_optimizer=none, zero_init=0
Estimated memory needed for params, optim states and gradients for a:
HW: Setup with 2 nodes, 8 GPUs per node.
SW: Model with 6607M total params, 131M largest layer params.
  per CPU  |  per GPU |   Options
   83.07GB |   0.49GB | offload_param=cpu , offload_optimizer=cpu , zero_init=1
  295.37GB |   0.49GB | offload_param=cpu , offload_optimizer=cpu , zero_init=0
   73.84GB |   1.26GB | offload_param=none, offload_optimizer=cpu , zero_init=1
  295.37GB |   1.26GB | offload_param=none, offload_optimizer=cpu , zero_init=0
    5.86GB |   7.41GB | offload_param=none, offload_optimizer=none, zero_init=1
  295.37GB |   7.41GB | offload_param=none, offload_optimizer=none, zero_init=0
